La génération a démarré 17/11/2014 15:30:01.
     1>Projet "C:\Users\Flo\Documents\L3\ProjetSynthese\ProjetSynthese\ProjetSynthese.vcxproj" sur le nœud 2 (Build cible(s)).
     1>ClCompile:
         C:\Program Files (x86)\Microsoft Visual Studio 12.0\VC\bin\CL.exe /c /ZI /nologo /W3 /WX- /sdl /Od /Oy- /D WIN32 /D _DEBUG /D _CONSOLE /D _LIB /D _UNICODE /D UNICODE /Gm /EHsc /RTC1 /MDd /GS /fp:precise /Zc:wchar_t /Zc:forScope /Fo"Debug\\" /Fd"Debug\vc120.pdb" /Gd /TP /analyze- /errorReport:prompt Cercle.cpp testClient.cpp
         testClient.cpp
         Cercle.cpp
     1>c:\users\flo\documents\l3\projetsynthese\projetsynthese\cercle.cpp(29): warning C4244: 'argument' : conversion de 'double' en 'int', perte possible de données
         Génération de code en cours...
       Link:
         C:\Program Files (x86)\Microsoft Visual Studio 12.0\VC\bin\link.exe /ERRORREPORT:PROMPT /OUT:"C:\Users\Flo\Documents\L3\ProjetSynthese\Debug\ProjetSynthese.exe" /INCREMENTAL /NOLOGO kernel32.lib user32.lib gdi32.lib winspool.lib comdlg32.lib advapi32.lib shell32.lib ole32.lib oleaut32.lib uuid.lib odbc32.lib odbccp32.lib /MANIFEST /MANIFESTUAC:"level='asInvoker' uiAccess='false'" /manifest:embed /DEBUG /PDB:"C:\Users\Flo\Documents\L3\ProjetSynthese\Debug\ProjetSynthese.pdb" /SUBSYSTEM:CONSOLE /TLBID:1 /DYNAMICBASE /NXCOMPAT /IMPLIB:"C:\Users\Flo\Documents\L3\ProjetSynthese\Debug\ProjetSynthese.lib" /MACHINE:X86 Debug\Cercle.obj
         Debug\ConnexionTCP.obj
         Debug\Erreur.obj
         Debug\FormeCompliquee.obj
         Debug\FormeGeometrique.obj
         Debug\FormeSimple.obj
         Debug\Point.obj
         Debug\Polygone.obj
         Debug\Segment.obj
         Debug\testClient.obj
         Debug\Triangle.obj
         Debug\Visitor.obj
         Debug\VisitorTCP.obj
         ProjetSynthese.vcxproj -> C:\Users\Flo\Documents\L3\ProjetSynthese\Debug\ProjetSynthese.exe
     1>Génération du projet "C:\Users\Flo\Documents\L3\ProjetSynthese\ProjetSynthese\ProjetSynthese.vcxproj" terminée (Build cible(s)).

La génération a réussi.

Temps écoulé 00:00:06.59
