c:\users\flo\documents\l3\projetsynthese\debug\projetsynthese.bsc
c:\users\flo\documents\l3\projetsynthese\projetsynthese\debug\vc120.pdb
c:\users\flo\documents\l3\projetsynthese\projetsynthese\debug\vc120.idb
c:\users\flo\documents\l3\projetsynthese\projetsynthese\debug\visitortcp.sbr
c:\users\flo\documents\l3\projetsynthese\projetsynthese\debug\visitor.sbr
c:\users\flo\documents\l3\projetsynthese\projetsynthese\debug\triangle.sbr
c:\users\flo\documents\l3\projetsynthese\projetsynthese\debug\testclient.sbr
c:\users\flo\documents\l3\projetsynthese\projetsynthese\debug\segment.sbr
c:\users\flo\documents\l3\projetsynthese\projetsynthese\debug\polygone.sbr
c:\users\flo\documents\l3\projetsynthese\projetsynthese\debug\point.sbr
c:\users\flo\documents\l3\projetsynthese\projetsynthese\debug\lectureprocess.sbr
c:\users\flo\documents\l3\projetsynthese\projetsynthese\debug\formesimple.sbr
c:\users\flo\documents\l3\projetsynthese\projetsynthese\debug\formegeometrique.sbr
c:\users\flo\documents\l3\projetsynthese\projetsynthese\debug\formecompliquee.sbr
c:\users\flo\documents\l3\projetsynthese\projetsynthese\debug\expertlecturetriangle.sbr
c:\users\flo\documents\l3\projetsynthese\projetsynthese\debug\expertlecturesegment.sbr
c:\users\flo\documents\l3\projetsynthese\projetsynthese\debug\expertlecturepolygone.sbr
c:\users\flo\documents\l3\projetsynthese\projetsynthese\debug\expertlectureformecompliquee.sbr
c:\users\flo\documents\l3\projetsynthese\projetsynthese\debug\expertlecturefacade.sbr
c:\users\flo\documents\l3\projetsynthese\projetsynthese\debug\expertlecturecercle.sbr
c:\users\flo\documents\l3\projetsynthese\projetsynthese\debug\expertlecture.sbr
c:\users\flo\documents\l3\projetsynthese\projetsynthese\debug\erreur.sbr
c:\users\flo\documents\l3\projetsynthese\projetsynthese\debug\couleur.sbr
c:\users\flo\documents\l3\projetsynthese\projetsynthese\debug\couleur.obj
c:\users\flo\documents\l3\projetsynthese\projetsynthese\debug\erreur.obj
c:\users\flo\documents\l3\projetsynthese\projetsynthese\debug\expertlecture.obj
c:\users\flo\documents\l3\projetsynthese\projetsynthese\debug\expertlecturecercle.obj
c:\users\flo\documents\l3\projetsynthese\projetsynthese\debug\expertlecturefacade.obj
c:\users\flo\documents\l3\projetsynthese\projetsynthese\debug\expertlectureformecompliquee.obj
c:\users\flo\documents\l3\projetsynthese\projetsynthese\debug\expertlecturepolygone.obj
c:\users\flo\documents\l3\projetsynthese\projetsynthese\debug\expertlecturesegment.obj
c:\users\flo\documents\l3\projetsynthese\projetsynthese\debug\expertlecturetriangle.obj
c:\users\flo\documents\l3\projetsynthese\projetsynthese\debug\formecompliquee.obj
c:\users\flo\documents\l3\projetsynthese\projetsynthese\debug\formegeometrique.obj
c:\users\flo\documents\l3\projetsynthese\projetsynthese\debug\formesimple.obj
c:\users\flo\documents\l3\projetsynthese\projetsynthese\debug\lectureprocess.obj
c:\users\flo\documents\l3\projetsynthese\projetsynthese\debug\point.obj
c:\users\flo\documents\l3\projetsynthese\projetsynthese\debug\polygone.obj
c:\users\flo\documents\l3\projetsynthese\projetsynthese\debug\segment.obj
c:\users\flo\documents\l3\projetsynthese\projetsynthese\debug\testclient.obj
c:\users\flo\documents\l3\projetsynthese\projetsynthese\debug\triangle.obj
c:\users\flo\documents\l3\projetsynthese\projetsynthese\debug\visitor.obj
c:\users\flo\documents\l3\projetsynthese\projetsynthese\debug\visitortcp.obj
c:\users\flo\documents\l3\projetsynthese\projetsynthese\debug\connexiontcp.sbr
c:\users\flo\documents\l3\projetsynthese\projetsynthese\debug\cercle.sbr
c:\users\flo\documents\l3\projetsynthese\projetsynthese\debug\cercle.obj
c:\users\flo\documents\l3\projetsynthese\projetsynthese\debug\connexiontcp.obj
c:\users\flo\documents\l3\projetsynthese\debug\projetsynthese.ilk
c:\users\flo\documents\l3\projetsynthese\debug\projetsynthese.exe
c:\users\flo\documents\l3\projetsynthese\debug\projetsynthese.pdb
c:\users\flo\documents\l3\projetsynthese\projetsynthese\debug\projetsynthese.tlog\bscmake.command.1.tlog
c:\users\flo\documents\l3\projetsynthese\projetsynthese\debug\projetsynthese.tlog\bscmake.read.1.tlog
c:\users\flo\documents\l3\projetsynthese\projetsynthese\debug\projetsynthese.tlog\bscmake.write.1.tlog
c:\users\flo\documents\l3\projetsynthese\projetsynthese\debug\projetsynthese.tlog\cl.command.1.tlog
c:\users\flo\documents\l3\projetsynthese\projetsynthese\debug\projetsynthese.tlog\cl.read.1.tlog
c:\users\flo\documents\l3\projetsynthese\projetsynthese\debug\projetsynthese.tlog\cl.write.1.tlog
c:\users\flo\documents\l3\projetsynthese\projetsynthese\debug\projetsynthese.tlog\link.command.1.tlog
c:\users\flo\documents\l3\projetsynthese\projetsynthese\debug\projetsynthese.tlog\link.read.1.tlog
c:\users\flo\documents\l3\projetsynthese\projetsynthese\debug\projetsynthese.tlog\link.write.1.tlog
